#-----------------------------------------------------------
# PlanAhead v14.7 (64-bit)
# Build 321239 by xbuild on Fri Sep 27 19:24:36 MDT 2013
# Start of session at: Mon Sep 15 21:56:18 2025
# Process ID: 35528
# Log file: /home/lengyu/linux_project_dir/vivado_dir/hans_solution/planAhead_run_2/planAhead.log
# Journal file: /home/lengyu/linux_project_dir/vivado_dir/hans_solution/planAhead_run_2/planAhead.jou
#-----------------------------------------------------------
INFO: [Common 17-78] Attempting to get a license: PlanAhead
INFO: [Common 17-290] Got license for PlanAhead
INFO: [Device 21-36] Loading parts and site information from /opt/Xilinx/14.7/ISE_DS/PlanAhead/data/parts/arch.xml
Parsing RTL primitives file [/opt/Xilinx/14.7/ISE_DS/PlanAhead/data/parts/xilinx/rtl/prims/rtl_prims.xml]
Finished parsing RTL primitives file [/opt/Xilinx/14.7/ISE_DS/PlanAhead/data/parts/xilinx/rtl/prims/rtl_prims.xml]
start_gui
INFO: [Common 17-81] Feature available: PartialReconfiguration
source /home/lengyu/linux_project_dir/vivado_dir/hans_solution/pa.fromNetlist.tcl
# create_project -name hans_solution -dir "/home/lengyu/linux_project_dir/vivado_dir/hans_solution/planAhead_run_2" -part xc3s50antqg144-5
# set_property design_mode GateLvl [get_property srcset [current_run -impl]]
# set_property edif_top_file "/home/lengyu/linux_project_dir/vivado_dir/hans_solution/top.ngc" [ get_property srcset [ current_run ] ]
# add_files -norecurse { {/home/lengyu/linux_project_dir/vivado_dir/hans_solution} }
# set_param project.pinAheadLayout  yes
# set_property target_constrs_file "top.ucf" [current_fileset -constrset]
Adding file '/home/lengyu/linux_project_dir/vivado_dir/hans_solution/top.ucf' to fileset 'constrs_1'
# add_files [list {top.ucf}] -fileset [get_property constrset [current_run]]
# link_design
Design is defaulting to srcset: sources_1
Design is defaulting to constrset: constrs_1
Design is defaulting to project part: xc3s50antqg144-5
WARNING: C is not supported as a language.  Using usenglish.
Release 14.7 - ngc2edif P.20131013 (lin64)
Copyright (c) 1995-2013 Xilinx, Inc.  All rights reserved.

Release 14.7 - ngc2edif P.20131013 (lin64)
Copyright (c) 1995-2013 Xilinx, Inc.  All rights reserved.
Reading design top.ngc ...
WARNING:NetListWriters:298 - No output is written to top.xncf, ignored.
Processing design ...
   Preping design's networks ...
   Preping design's macros ...
  finished :Prep
Writing EDIF netlist file top.edif ...
ngc2edif: Total memory usage is 93536 kilobytes

Parsing EDIF File [./planAhead_run_2/hans_solution.data/cache/top_ngc_f5556c30.edif]
Finished Parsing EDIF File [./planAhead_run_2/hans_solution.data/cache/top_ngc_f5556c30.edif]
INFO: [Designutils 20-910] Reading macro library /opt/Xilinx/14.7/ISE_DS/PlanAhead/data/./parts/xilinx/spartan3a/hd_int_macros.edn
Parsing EDIF File [/opt/Xilinx/14.7/ISE_DS/PlanAhead/data/./parts/xilinx/spartan3a/hd_int_macros.edn]
Finished Parsing EDIF File [/opt/Xilinx/14.7/ISE_DS/PlanAhead/data/./parts/xilinx/spartan3a/hd_int_macros.edn]
Loading clock regions from /opt/Xilinx/14.7/ISE_DS/PlanAhead/data/parts/xilinx/spartan3a/spartan3a/xc3s50an/ClockRegion.xml
Loading clock buffers from /opt/Xilinx/14.7/ISE_DS/PlanAhead/data/parts/xilinx/spartan3a/spartan3a/xc3s50an/ClockBuffers.xml
Loading package from /opt/Xilinx/14.7/ISE_DS/PlanAhead/data/parts/xilinx/spartan3a/spartan3a/xc3s50an/tqg144/Package.xml
Loading io standards from /opt/Xilinx/14.7/ISE_DS/PlanAhead/data/./parts/xilinx/spartan3a/IOStandards.xml
INFO: [Device 21-19] Loading pkg sso from /opt/Xilinx/14.7/ISE_DS/PlanAhead/data/parts/xilinx/spartan3a/spartan3a/xc3s50an/tqg144/SSORules.xml
Loading list of drcs for the architecture : /opt/Xilinx/14.7/ISE_DS/PlanAhead/data/./parts/xilinx/spartan3a/drc.xml
INFO: [Timing 38-77] Reading timing library /opt/Xilinx/14.7/ISE_DS/PlanAhead/data/parts/xilinx/spartan3a/spartan3a/spartan3a-5.lib.
INFO: [Timing 38-34] Done reading timing library /opt/Xilinx/14.7/ISE_DS/PlanAhead/data/parts/xilinx/spartan3a/spartan3a/spartan3a-5.lib.
Parsing UCF File [/home/lengyu/linux_project_dir/vivado_dir/hans_solution/top.ucf]
Finished Parsing UCF File [/home/lengyu/linux_project_dir/vivado_dir/hans_solution/top.ucf]
INFO: [Project 1-111] Unisim Transformation Summary:
No Unisim elements were transformed.

Phase 0 | Netlist Checksum: 60e6528b
ERROR: [#UNDEF] *** Exception: java.lang.reflect.InvocationTargetException (See /home/lengyu/linux_project_dir/vivado_dir/hans_solution/planAhead_pid35528.debug)
ERROR: [Common 17-39] 'link_design' failed due to earlier errors.

    while executing
"link_design"
    (file "/home/lengyu/linux_project_dir/vivado_dir/hans_solution/pa.fromNetlist.tcl" line 11)
set_property package_pin "" [get_ports [list  w_out]]
exit
ERROR: [#UNDEF] *** Exception: ui.h.b: Found deleted key in HTclEventBroker. Verify if the classes listed here call cleanup()
HTclEvent: SIGNAL_BUS_MODIFY   Classes: ui.views.aR 
HTclEvent: DEBUG_PORT_CONFIG_CHANGE   Classes: ui.views.aR 
HTclEvent: DEBUG_CORE_CONFIG_CHANGE   Classes: ui.views.aR 
HTclEvent: SIGNAL_MODIFY   Classes: ui.views.aR 
 (See /home/lengyu/linux_project_dir/vivado_dir/hans_solution/planAhead_pid35528.debug)
ERROR: [Common 17-39] 'stop_gui' failed due to earlier errors.
INFO: [Common 17-206] Exiting PlanAhead at Mon Sep 15 21:56:51 2025...
INFO: [Common 17-83] Releasing license: PlanAhead
